#
# A fatal error has been detected by the Java Runtime Environment:
#
#  EXCEPTION_ACCESS_VIOLATION (0xc0000005) at pc=0x0000000051a0e3c9, pid=3464, tid=4608
#
# JRE version: Java(TM) SE Runtime Environment (7.0_51-b13) (build 1.7.0_51-b13)
# Java VM: Java HotSpot(TM) 64-Bit Server VM (24.51-b03 mixed mode windows-amd64 compressed oops)
# Problematic frame:
# V  [jvm.dll+0x7e3c9]
#
# Failed to write core dump. Minidumps are not enabled by default on client versions of Windows
#
# If you would like to submit a bug report, please visit:
#   http://bugreport.sun.com/bugreport/crash.jsp
#

---------------  T H R E A D  ---------------

Current thread (0x000000000ce1c000):  JavaThread "pool-1-thread-4" [_thread_in_vm, id=4608, stack(0x000000000f720000,0x000000000f820000)]

siginfo: ExceptionCode=0xc0000005, reading address 0xffffff077b1d57e0

Registers:
RAX=0xffffff077b1d57d8, RBX=0x000000000e63f400, RCX=0xffffff077b1d57d8, RDX=0x000000000267b3f0
RSP=0x000000000f81d9f8, RBP=0x000000000f81db00, RSI=0x000000000e63f440, RDI=0x00000000027dd470
R8 =0x0000000000000000, R9 =0x0000000000000000, R10=0x0000000000000000, R11=0x000000000e63e3f0
R12=0x000000000de3c830, R13=0x000000000e63e3d0, R14=0x000000000f81e7a8, R15=0x000000000e63e3e0
RIP=0x0000000051a0e3c9, EFLAGS=0x0000000000010202

Top of Stack: (sp=0x000000000f81d9f8)
0x000000000f81d9f8:   0000000051b73d1a 00000000029738f9
0x000000000f81da08:   0000000002973903 00000000029736d0
0x000000000f81da18:   0000000000000000 000000000f81dab0
0x000000000f81da28:   000000000ce1c000 000000000e63e3e0
0x000000000f81da38:   00000000000003d8 000000000ce1c000
0x000000000f81da48:   000000000e63e7b8 00000000000000b6
0x000000000f81da58:   000000000e63e7b8 000000000e63e3d0
0x000000000f81da68:   ffffff077b1d57d8 000000000f81e7a0
0x000000000f81da78:   0000000002817ade 0000000002817a10
0x000000000f81da88:   0000000000000000 0000000000000000
0x000000000f81da98:   000000000f81e7a0 000000000e63e3e0
0x000000000f81daa8:   00000000000003d8 000000000e63f418
0x000000000f81dab8:   000000000e63f428 000000000e63f430
0x000000000f81dac8:   000000000e63f440 0000000000000005
0x000000000f81dad8:   0000000000000000 0000000000000000
0x000000000f81dae8:   0000000051f10170 0000000000000000 

Instructions: (pc=0x0000000051a0e3c9)
0x0000000051a0e3a9:   4c 8d 4c 24 40 e8 cd fe ff ff 48 83 c4 28 c3 cc
0x0000000051a0e3b9:   cc cc cc cc cc cc cc 80 3d 71 c8 6c 00 00 74 22
0x0000000051a0e3c9:   8b 41 08 8b 0d e6 d4 66 00 48 d3 e0 48 03 05 d4
0x0000000051a0e3d9:   d4 66 00 48 8d 48 10 48 8b 40 10 48 ff a0 68 01 


Register to memory mapping:

RAX=0xffffff077b1d57d8 is an unknown value
RBX=0x000000000e63f400 is an unknown value
RCX=0xffffff077b1d57d8 is an unknown value
RDX=0x000000000267b3f0 is an unknown value
RSP=0x000000000f81d9f8 is pointing into the stack for thread: 0x000000000ce1c000
RBP=0x000000000f81db00 is pointing into the stack for thread: 0x000000000ce1c000
RSI=0x000000000e63f440 is an unknown value
RDI=0x00000000027dd470 is an unknown value
R8 =0x0000000000000000 is an unknown value
R9 =0x0000000000000000 is an unknown value
R10=0x0000000000000000 is an unknown value
R11=0x000000000e63e3f0 is an unknown value
R12=0x000000000de3c830 is an unknown value
R13=0x000000000e63e3d0 is an unknown value
R14=0x000000000f81e7a8 is pointing into the stack for thread: 0x000000000ce1c000
R15=0x000000000e63e3e0 is an unknown value


Stack: [0x000000000f720000,0x000000000f820000],  sp=0x000000000f81d9f8,  free space=1014k
Native frames: (J=compiled Java code, j=interpreted, Vv=VM code, C=native code)
V  [jvm.dll+0x7e3c9]

Java frames: (J=compiled Java code, j=interpreted, Vv=VM code)
v  ~RuntimeStub::ic_miss_stub
J  java.util.regex.Pattern$Start.match(Ljava/util/regex/Matcher;ILjava/lang/CharSequence;)Z
j  java.util.regex.Matcher.search(I)Z+86
j  java.util.regex.Matcher.find()Z+65
j  java.util.regex.Matcher.replaceAll(Ljava/lang/String;)Ljava/lang/String;+30
j  java.lang.String.replaceAll(Ljava/lang/String;Ljava/lang/String;)Ljava/lang/String;+9
j  com.google.code.mojo.license.document.Document.hasHeader(Lcom/google/code/mojo/license/header/Header;Z)Z+216
j  com.google.code.mojo.license.AbstractLicenseMojo$1.run()V+115
j  java.util.concurrent.Executors$RunnableAdapter.call()Ljava/lang/Object;+4
j  java.util.concurrent.FutureTask.run()V+42
j  java.util.concurrent.Executors$RunnableAdapter.call()Ljava/lang/Object;+4
j  java.util.concurrent.FutureTask.run()V+42
j  java.util.concurrent.ThreadPoolExecutor.runWorker(Ljava/util/concurrent/ThreadPoolExecutor$Worker;)V+95
j  java.util.concurrent.ThreadPoolExecutor$Worker.run()V+5
j  java.lang.Thread.run()V+11
v  ~StubRoutines::call_stub

---------------  P R O C E S S  ---------------

Java Threads: ( => current thread )
  0x000000000ce20000 JavaThread "pool-1-thread-6" [_thread_blocked, id=6184, stack(0x000000000f920000,0x000000000fa20000)]
  0x000000000ce1a000 JavaThread "pool-1-thread-5" [_thread_blocked, id=5932, stack(0x000000000f820000,0x000000000f920000)]
=>0x000000000ce1c000 JavaThread "pool-1-thread-4" [_thread_in_vm, id=4608, stack(0x000000000f720000,0x000000000f820000)]
  0x000000000ce1d000 JavaThread "pool-1-thread-3" [_thread_blocked, id=5748, stack(0x000000000f620000,0x000000000f720000)]
  0x000000000ce1b800 JavaThread "pool-1-thread-2" [_thread_blocked, id=780, stack(0x000000000f520000,0x000000000f620000)]
  0x000000000ce1a800 JavaThread "pool-1-thread-1" [_thread_blocked, id=5688, stack(0x000000000f420000,0x000000000f520000)]
  0x000000000ab15800 JavaThread "Service Thread" daemon [_thread_blocked, id=5916, stack(0x000000000c280000,0x000000000c380000)]
  0x000000000ab06800 JavaThread "C2 CompilerThread1" daemon [_thread_blocked, id=6920, stack(0x000000000c180000,0x000000000c280000)]
  0x000000000ab05000 JavaThread "C2 CompilerThread0" daemon [_thread_blocked, id=5948, stack(0x000000000c080000,0x000000000c180000)]
  0x000000000ab03800 JavaThread "Attach Listener" daemon [_thread_blocked, id=7020, stack(0x000000000bf80000,0x000000000c080000)]
  0x000000000ab00800 JavaThread "Signal Dispatcher" daemon [_thread_blocked, id=6984, stack(0x000000000be80000,0x000000000bf80000)]
  0x000000000aace000 JavaThread "Finalizer" daemon [_thread_blocked, id=1212, stack(0x000000000bd80000,0x000000000be80000)]
  0x000000000aac3000 JavaThread "Reference Handler" daemon [_thread_blocked, id=6908, stack(0x000000000bc80000,0x000000000bd80000)]
  0x00000000027de000 JavaThread "main" [_thread_blocked, id=4912, stack(0x00000000024e0000,0x00000000025e0000)]

Other Threads:
  0x000000000aac1000 VMThread [stack: 0x000000000bb80000,0x000000000bc80000] [id=7124]
  0x000000000ab30000 WatcherThread [stack: 0x000000000c380000,0x000000000c480000] [id=7164]

VM state:not at safepoint (normal execution)

VM Mutex/Monitor currently owned by a thread:  ([mutex/lock_event])
[0x00000000027dd470] CompiledIC_lock - owner thread: 0x000000000ce1c000

Heap
 PSYoungGen      total 140288K, used 37124K [0x00000007d5500000, 0x00000007de300000, 0x0000000800000000)
  eden space 135168K, 23% used [0x00000007d5500000,0x00000007d74412a8,0x00000007dd900000)
  from space 5120K, 100% used [0x00000007dde00000,0x00000007de300000,0x00000007de300000)
  to   space 5120K, 0% used [0x00000007dd900000,0x00000007dd900000,0x00000007dde00000)
 ParOldGen       total 87040K, used 12260K [0x0000000780000000, 0x0000000785500000, 0x00000007d5500000)
  object space 87040K, 14% used [0x0000000780000000,0x0000000780bf9038,0x0000000785500000)
 PSPermGen       total 21504K, used 16525K [0x000000077ae00000, 0x000000077c300000, 0x0000000780000000)
  object space 21504K, 76% used [0x000000077ae00000,0x000000077be23500,0x000000077c300000)

Card table byte_map: [0x00000000057e0000,0x0000000005c10000] byte_map_base: 0x0000000001c09000

Polling page: 0x0000000000bb0000

Code Cache  [0x00000000027e0000, 0x0000000002a50000, 0x00000000057e0000)
 total_blobs=775 nmethods=485 adapters=243 free_code_cache=47362Kb largest_free_block=48450752

Compilation events (10 events):
Event: 5.784 Thread 0x000000000ab06800  489             java.util.Vector::<init> (49 bytes)
Event: 5.786 Thread 0x000000000ab06800 nmethod 489 0x0000000002974390 code [0x00000000029744e0, 0x0000000002974618]
Event: 5.786 Thread 0x000000000ab06800  490             java.util.Vector::<init> (7 bytes)
Event: 5.788 Thread 0x000000000ab06800 nmethod 490 0x0000000002974090 code [0x00000000029741e0, 0x00000000029742d8]
Event: 5.798 Thread 0x000000000ab06800  491             java.lang.AbstractStringBuilder::append (144 bytes)
Event: 5.812 Thread 0x000000000ab06800 nmethod 491 0x00000000029a2f10 code [0x00000000029a3080, 0x00000000029a37b8]
Event: 5.812 Thread 0x000000000ab06800  492             java.util.regex.Pattern$BmpCharProperty::match (50 bytes)
Event: 5.814 Thread 0x000000000ab06800 nmethod 492 0x0000000002973b10 code [0x0000000002973c60, 0x0000000002973e58]
Event: 5.815 Thread 0x000000000ab06800  493             java.util.regex.Pattern$Start::match (90 bytes)
Event: 5.817 Thread 0x000000000ab06800 nmethod 493 0x00000000029736d0 code [0x0000000002973820, 0x00000000029739b8]

GC Heap History (8 events):
Event: 0.918 GC heap before
{Heap before GC invocations=1 (full 0):
 PSYoungGen      total 38912K, used 33792K [0x00000007d5500000, 0x00000007d8000000, 0x0000000800000000)
  eden space 33792K, 100% used [0x00000007d5500000,0x00000007d7600000,0x00000007d7600000)
  from space 5120K, 0% used [0x00000007d7b00000,0x00000007d7b00000,0x00000007d8000000)
  to   space 5120K, 0% used [0x00000007d7600000,0x00000007d7600000,0x00000007d7b00000)
 ParOldGen       total 87040K, used 0K [0x0000000780000000, 0x0000000785500000, 0x00000007d5500000)
  object space 87040K, 0% used [0x0000000780000000,0x0000000780000000,0x0000000785500000)
 PSPermGen       total 21504K, used 7776K [0x000000077ae00000, 0x000000077c300000, 0x0000000780000000)
  object space 21504K, 36% used [0x000000077ae00000,0x000000077b598058,0x000000077c300000)
Event: 0.928 GC heap after
Heap after GC invocations=1 (full 0):
 PSYoungGen      total 38912K, used 5110K [0x00000007d5500000, 0x00000007da100000, 0x0000000800000000)
  eden space 33792K, 0% used [0x00000007d5500000,0x00000007d5500000,0x00000007d7600000)
  from space 5120K, 99% used [0x00000007d7600000,0x00000007d7afd9a8,0x00000007d7b00000)
  to   space 5120K, 0% used [0x00000007d9c00000,0x00000007d9c00000,0x00000007da100000)
 ParOldGen       total 87040K, used 247K [0x0000000780000000, 0x0000000785500000, 0x00000007d5500000)
  object space 87040K, 0% used [0x0000000780000000,0x000000078003dc00,0x0000000785500000)
 PSPermGen       total 21504K, used 7776K [0x000000077ae00000, 0x000000077c300000, 0x0000000780000000)
  object space 21504K, 36% used [0x000000077ae00000,0x000000077b598058,0x000000077c300000)
}
Event: 1.700 GC heap before
{Heap before GC invocations=2 (full 0):
 PSYoungGen      total 38912K, used 38902K [0x00000007d5500000, 0x00000007da100000, 0x0000000800000000)
  eden space 33792K, 100% used [0x00000007d5500000,0x00000007d7600000,0x00000007d7600000)
  from space 5120K, 99% used [0x00000007d7600000,0x00000007d7afd9a8,0x00000007d7b00000)
  to   space 5120K, 0% used [0x00000007d9c00000,0x00000007d9c00000,0x00000007da100000)
 ParOldGen       total 87040K, used 247K [0x0000000780000000, 0x0000000785500000, 0x00000007d5500000)
  object space 87040K, 0% used [0x0000000780000000,0x000000078003dc00,0x0000000785500000)
 PSPermGen       total 21504K, used 12291K [0x000000077ae00000, 0x000000077c300000, 0x0000000780000000)
  object space 21504K, 57% used [0x000000077ae00000,0x000000077ba00c48,0x000000077c300000)
Event: 1.715 GC heap after
Heap after GC invocations=2 (full 0):
 PSYoungGen      total 72704K, used 5110K [0x00000007d5500000, 0x00000007da100000, 0x0000000800000000)
  eden space 67584K, 0% used [0x00000007d5500000,0x00000007d5500000,0x00000007d9700000)
  from space 5120K, 99% used [0x00000007d9c00000,0x00000007da0fda90,0x00000007da100000)
  to   space 5120K, 0% used [0x00000007d9700000,0x00000007d9700000,0x00000007d9c00000)
 ParOldGen       total 87040K, used 2290K [0x0000000780000000, 0x0000000785500000, 0x00000007d5500000)
  object space 87040K, 2% used [0x0000000780000000,0x000000078023cb88,0x0000000785500000)
 PSPermGen       total 21504K, used 12291K [0x000000077ae00000, 0x000000077c300000, 0x0000000780000000)
  object space 21504K, 57% used [0x000000077ae00000,0x000000077ba00c48,0x000000077c300000)
}
Event: 3.283 GC heap before
{Heap before GC invocations=3 (full 0):
 PSYoungGen      total 72704K, used 72694K [0x00000007d5500000, 0x00000007da100000, 0x0000000800000000)
  eden space 67584K, 100% used [0x00000007d5500000,0x00000007d9700000,0x00000007d9700000)
  from space 5120K, 99% used [0x00000007d9c00000,0x00000007da0fda90,0x00000007da100000)
  to   space 5120K, 0% used [0x00000007d9700000,0x00000007d9700000,0x00000007d9c00000)
 ParOldGen       total 87040K, used 2290K [0x0000000780000000, 0x0000000785500000, 0x00000007d5500000)
  object space 87040K, 2% used [0x0000000780000000,0x000000078023cb88,0x0000000785500000)
 PSPermGen       total 21504K, used 14292K [0x000000077ae00000, 0x000000077c300000, 0x0000000780000000)
  object space 21504K, 66% used [0x000000077ae00000,0x000000077bbf52e8,0x000000077c300000)
Event: 3.307 GC heap after
Heap after GC invocations=3 (full 0):
 PSYoungGen      total 72704K, used 5088K [0x00000007d5500000, 0x00000007de300000, 0x0000000800000000)
  eden space 67584K, 0% used [0x00000007d5500000,0x00000007d5500000,0x00000007d9700000)
  from space 5120K, 99% used [0x00000007d9700000,0x00000007d9bf8020,0x00000007d9c00000)
  to   space 5120K, 0% used [0x00000007dde00000,0x00000007dde00000,0x00000007de300000)
 ParOldGen       total 87040K, used 6476K [0x0000000780000000, 0x0000000785500000, 0x00000007d5500000)
  object space 87040K, 7% used [0x0000000780000000,0x0000000780653218,0x0000000785500000)
 PSPermGen       total 21504K, used 14292K [0x000000077ae00000, 0x000000077c300000, 0x0000000780000000)
  object space 21504K, 66% used [0x000000077ae00000,0x000000077bbf52e8,0x000000077c300000)
}
Event: 5.199 GC heap before
{Heap before GC invocations=4 (full 0):
 PSYoungGen      total 72704K, used 72672K [0x00000007d5500000, 0x00000007de300000, 0x0000000800000000)
  eden space 67584K, 100% used [0x00000007d5500000,0x00000007d9700000,0x00000007d9700000)
  from space 5120K, 99% used [0x00000007d9700000,0x00000007d9bf8020,0x00000007d9c00000)
  to   space 5120K, 0% used [0x00000007dde00000,0x00000007dde00000,0x00000007de300000)
 ParOldGen       total 87040K, used 6476K [0x0000000780000000, 0x0000000785500000, 0x00000007d5500000)
  object space 87040K, 7% used [0x0000000780000000,0x0000000780653218,0x0000000785500000)
 PSPermGen       total 21504K, used 16233K [0x000000077ae00000, 0x000000077c300000, 0x0000000780000000)
  object space 21504K, 75% used [0x000000077ae00000,0x000000077bdda7f8,0x000000077c300000)
Event: 5.243 GC heap after
Heap after GC invocations=4 (full 0):
 PSYoungGen      total 140288K, used 5120K [0x00000007d5500000, 0x00000007de300000, 0x0000000800000000)
  eden space 135168K, 0% used [0x00000007d5500000,0x00000007d5500000,0x00000007dd900000)
  from space 5120K, 100% used [0x00000007dde00000,0x00000007de300000,0x00000007de300000)
  to   space 5120K, 0% used [0x00000007dd900000,0x00000007dd900000,0x00000007dde00000)
 ParOldGen       total 87040K, used 12260K [0x0000000780000000, 0x0000000785500000, 0x00000007d5500000)
  object space 87040K, 14% used [0x0000000780000000,0x0000000780bf9038,0x0000000785500000)
 PSPermGen       total 21504K, used 16233K [0x000000077ae00000, 0x000000077c300000, 0x0000000780000000)
  object space 21504K, 75% used [0x000000077ae00000,0x000000077bdda7f8,0x000000077c300000)
}

Deoptimization events (10 events):
Event: 5.558 Thread 0x00000000027de000 Uncommon trap: reason=unreached action=reinterpret pc=0x000000000292ed34 method=java.util.HashMap.putAll(Ljava/util/Map;)V @ 19
Event: 5.565 Thread 0x00000000027de000 Uncommon trap: reason=class_check action=maybe_recompile pc=0x00000000028b52c8 method=java.lang.AbstractStringBuilder.append(Ljava/lang/CharSequence;II)Ljava/lang/AbstractStringBuilder; @ 18
Event: 5.565 Thread 0x00000000027de000 Uncommon trap: reason=class_check action=maybe_recompile pc=0x00000000028b52c8 method=java.lang.AbstractStringBuilder.append(Ljava/lang/CharSequence;II)Ljava/lang/AbstractStringBuilder; @ 18
Event: 5.565 Thread 0x00000000027de000 Uncommon trap: reason=class_check action=maybe_recompile pc=0x00000000028b52c8 method=java.lang.AbstractStringBuilder.append(Ljava/lang/CharSequence;II)Ljava/lang/AbstractStringBuilder; @ 18
Event: 5.795 Thread 0x000000000ce1a800 Uncommon trap: reason=unreached action=reinterpret pc=0x000000000296e28c method=java.net.URI.quote(Ljava/lang/String;JJ)Ljava/lang/String; @ 102
Event: 5.798 Thread 0x000000000ce1b800 Uncommon trap: reason=bimorphic action=maybe_recompile pc=0x000000000297548c method=java.util.regex.Pattern$Start.match(Ljava/util/regex/Matcher;ILjava/lang/CharSequence;)Z @ 44
Event: 5.798 Thread 0x000000000ce1d000 Uncommon trap: reason=bimorphic action=maybe_recompile pc=0x000000000297548c method=java.util.regex.Pattern$Start.match(Ljava/util/regex/Matcher;ILjava/lang/CharSequence;)Z @ 44
Event: 5.798 Thread 0x000000000ce1d000 Uncommon trap: reason=bimorphic action=maybe_recompile pc=0x000000000297548c method=java.util.regex.Pattern$Start.match(Ljava/util/regex/Matcher;ILjava/lang/CharSequence;)Z @ 44
Event: 5.798 Thread 0x000000000ce1b800 Uncommon trap: reason=bimorphic action=maybe_recompile pc=0x000000000297548c method=java.util.regex.Pattern$Start.match(Ljava/util/regex/Matcher;ILjava/lang/CharSequence;)Z @ 44
Event: 5.807 Thread 0x000000000ce1d000 Uncommon trap: reason=unreached action=reinterpret pc=0x00000000029165e8 method=java.util.concurrent.locks.AbstractQueuedSynchronizer.release(I)Z @ 14

Internal exceptions (10 events):
Event: 5.589 Thread 0x00000000027de000 Threw 0x00000007d6468128 at C:\re\jdk7u51\527\hotspot\src\share\vm\prims\jvm.cpp:1244
Event: 5.589 Thread 0x00000000027de000 Threw 0x00000007d6468cc0 at C:\re\jdk7u51\527\hotspot\src\share\vm\prims\jvm.cpp:1244
Event: 5.781 Thread 0x00000000027de000 Threw 0x00000007d69f0f38 at C:\re\jdk7u51\527\hotspot\src\share\vm\prims\jvm.cpp:1244
Event: 5.781 Thread 0x00000000027de000 Threw 0x00000007d69f1b70 at C:\re\jdk7u51\527\hotspot\src\share\vm\prims\jvm.cpp:1244
Event: 5.784 Thread 0x000000000ce1a800 Threw 0x00000007d6c56300 at C:\re\jdk7u51\527\hotspot\src\share\vm\prims\jvm.cpp:1244
Event: 5.784 Thread 0x000000000ce1a800 Threw 0x00000007d6c56b78 at C:\re\jdk7u51\527\hotspot\src\share\vm\prims\jvm.cpp:1244
Event: 5.791 Thread 0x000000000ce1b800 Threw 0x00000007d704c0d0 at C:\re\jdk7u51\527\hotspot\src\share\vm\prims\jvm.cpp:1244
Event: 5.791 Thread 0x000000000ce1b800 Threw 0x00000007d704c9e8 at C:\re\jdk7u51\527\hotspot\src\share\vm\prims\jvm.cpp:1244
Event: 5.801 Thread 0x000000000ce1d000 Threw 0x00000007d72fcdb0 at C:\re\jdk7u51\527\hotspot\src\share\vm\prims\jvm.cpp:1244
Event: 5.801 Thread 0x000000000ce1d000 Threw 0x00000007d72fd748 at C:\re\jdk7u51\527\hotspot\src\share\vm\prims\jvm.cpp:1244

Events (10 events):
Event: 5.805 Executing VM operation: RevokeBias done
Event: 5.806 Executing VM operation: RevokeBias
Event: 5.806 Executing VM operation: RevokeBias done
Event: 5.806 Executing VM operation: RevokeBias
Event: 5.806 Executing VM operation: RevokeBias done
Event: 5.806 Executing VM operation: RevokeBias
Event: 5.806 Executing VM operation: RevokeBias done
Event: 5.807 Thread 0x000000000ce1d000 Uncommon trap: trap_request=0xffffffad fr.pc=0x00000000029165e8
Event: 5.807 Thread 0x000000000ce1d000 DEOPT PACKING pc=0x00000000029165e8 sp=0x000000000f71ef20
Event: 5.807 Thread 0x000000000ce1d000 DEOPT UNPACKING pc=0x0000000002819064 sp=0x000000000f71ee60 mode 2


Dynamic libraries:
0x00007ff7d2ef0000 - 0x00007ff7d2f23000 	C:\Program Files\Java\jdk1.7.0_51\bin\java.exe
0x00007ffbf5b80000 - 0x00007ffbf5d2a000 	C:\WINDOWS\SYSTEM32\ntdll.dll
0x00007ffbf55b0000 - 0x00007ffbf56ea000 	C:\WINDOWS\system32\KERNEL32.DLL
0x00007ffbf3070000 - 0x00007ffbf317f000 	C:\WINDOWS\system32\KERNELBASE.dll
0x00007ffbf1b20000 - 0x00007ffbf1ba8000 	C:\WINDOWS\system32\apphelp.dll
0x00007ffbe0b40000 - 0x00007ffbe0b8f000 	C:\WINDOWS\AppPatch\AppPatch64\AcGenral.DLL
0x00007ffbf36d0000 - 0x00007ffbf3777000 	C:\WINDOWS\system32\msvcrt.dll
0x00007ffbf2d30000 - 0x00007ffbf2d5b000 	C:\WINDOWS\SYSTEM32\SspiCli.dll
0x00007ffbf54f0000 - 0x00007ffbf5541000 	C:\WINDOWS\system32\SHLWAPI.dll
0x00007ffbf3a90000 - 0x00007ffbf3c01000 	C:\WINDOWS\system32\USER32.dll
0x00007ffbf34a0000 - 0x00007ffbf3618000 	C:\WINDOWS\system32\ole32.dll
0x00007ffbf3e80000 - 0x00007ffbf52a0000 	C:\WINDOWS\system32\SHELL32.dll
0x00007ffbf2500000 - 0x00007ffbf251e000 	C:\WINDOWS\SYSTEM32\USERENV.dll
0x00007ffbf52a0000 - 0x00007ffbf5345000 	C:\WINDOWS\system32\ADVAPI32.dll
0x00007ffbe0c10000 - 0x00007ffbe0c2b000 	C:\WINDOWS\SYSTEM32\MPR.dll
0x00007ffbf5350000 - 0x00007ffbf5486000 	C:\WINDOWS\system32\RPCRT4.dll
0x00007ffbf5490000 - 0x00007ffbf54e7000 	C:\WINDOWS\SYSTEM32\sechost.dll
0x00007ffbf38a0000 - 0x00007ffbf3a76000 	C:\WINDOWS\SYSTEM32\combase.dll
0x00007ffbf56f0000 - 0x00007ffbf5834000 	C:\WINDOWS\system32\GDI32.dll
0x00007ffbf2ef0000 - 0x00007ffbf2f04000 	C:\WINDOWS\SYSTEM32\profapi.dll
0x00007ffbf15b0000 - 0x00007ffbf164f000 	C:\WINDOWS\SYSTEM32\SHCORE.dll
0x00007ffbf3400000 - 0x00007ffbf3434000 	C:\WINDOWS\system32\IMM32.DLL
0x00007ffbf5860000 - 0x00007ffbf5999000 	C:\WINDOWS\system32\MSCTF.dll
0x00007ffbf0ce0000 - 0x00007ffbf0f3a000 	C:\WINDOWS\WinSxS\amd64_microsoft.windows.common-controls_6595b64144ccf1df_6.0.9600.17031_none_6242a4b3ecbb55a1\COMCTL32.dll
0x0000000052160000 - 0x0000000052232000 	C:\Program Files\Java\jdk1.7.0_51\jre\bin\msvcr100.dll
0x0000000051990000 - 0x0000000052159000 	C:\Program Files\Java\jdk1.7.0_51\jre\bin\server\jvm.dll
0x00007ffbe03b0000 - 0x00007ffbe03b9000 	C:\WINDOWS\SYSTEM32\WSOCK32.dll
0x00007ffbee800000 - 0x00007ffbee81f000 	C:\WINDOWS\SYSTEM32\WINMM.dll
0x00007ffbf3780000 - 0x00007ffbf3787000 	C:\WINDOWS\system32\PSAPI.DLL
0x00007ffbf3440000 - 0x00007ffbf3498000 	C:\WINDOWS\system32\WS2_32.dll
0x00007ffbee7c0000 - 0x00007ffbee7ea000 	C:\WINDOWS\SYSTEM32\WINMMBASE.dll
0x00007ffbf3a80000 - 0x00007ffbf3a89000 	C:\WINDOWS\system32\NSI.dll
0x00007ffbf31d0000 - 0x00007ffbf321a000 	C:\WINDOWS\SYSTEM32\cfgmgr32.dll
0x00007ffbf1da0000 - 0x00007ffbf1dc6000 	C:\WINDOWS\SYSTEM32\DEVOBJ.dll
0x0000000051980000 - 0x000000005198f000 	C:\Program Files\Java\jdk1.7.0_51\jre\bin\verify.dll
0x0000000051950000 - 0x0000000051978000 	C:\Program Files\Java\jdk1.7.0_51\jre\bin\java.dll
0x0000000051930000 - 0x0000000051945000 	C:\Program Files\Java\jdk1.7.0_51\jre\bin\zip.dll
0x0000000051910000 - 0x0000000051929000 	C:\Program Files\Java\jdk1.7.0_51\jre\bin\net.dll
0x00007ffbf27b0000 - 0x00007ffbf2808000 	C:\WINDOWS\system32\mswsock.dll
0x00000000518f0000 - 0x0000000051901000 	C:\Program Files\Java\jdk1.7.0_51\jre\bin\nio.dll
0x00007ffbe2130000 - 0x00007ffbe22b8000 	C:\WINDOWS\SYSTEM32\dbghelp.dll

VM Arguments:
jvm_args: -Dclassworlds.conf=C:\apache-maven-3.2.2\bin\m2.conf -Dmaven.home=C:\apache-maven-3.2.2 
java_command: org.codehaus.plexus.classworlds.launcher.Launcher clean verify
Launcher Type: SUN_STANDARD

Environment Variables:
JAVA_HOME=C:\Program Files\Java\jdk1.7.0_51
PATH=C:\Program Files (x86)\NVIDIA Corporation\PhysX\Common;C:\Program Files (x86)\Notepad++\plugins\database;C:\Program Files (x86)\Notepad++\plugins\PHP\ext;C:\Program Files (x86)\Notepad++\plugins\PHP;C:\WINDOWS\system32;C:\WINDOWS;C:\WINDOWS\System32\Wbem;C:\WINDOWS\System32\WindowsPowerShell\v1.0\;C:\Program Files (x86)\Microsoft ASP.NET\ASP.NET Web Pages\v1.0\;C:\Program Files\Microsoft SQL Server\110\Tools\Binn\;C:\Program Files (x86)\Microsoft SQL Server\100\Tools\Binn\;C:\Program Files\Microsoft SQL Server\100\Tools\Binn\;C:\Program Files\Microsoft SQL Server\100\DTS\Binn\;C:\Program Files (x86)\Windows Kits\8.0\Windows Performance Toolkit\;C:\Program Files (x86)\GtkSharp\2.12\bin;C:\wamp\bin\php\php5.4.12;C:\Program Files\Microsoft\Web Platform Installer\;C:\Program Files\Common Files\Autodesk Shared\;C:\ProgramData\ComposerSetup\bin;C:\Ruby200-x64\bin;C:\NVPACK\android-sdk-windows\platform-tools;C:\NVPACK\android-sdk-windows\build-tools;C:\NVPACK\android-sdk-windows\tools;C:\NVPACK\jdk1.6.0_45\bin;C:\NVPACK\cygwin\bin;C:\NVPACK\apache-ant-1.8.2\bin;C:\Development\antlr-4.1-complete.jar;C:\apache-maven-3.2.2\bin
USERNAME=Default
OS=Windows_NT
PROCESSOR_IDENTIFIER=Intel64 Family 6 Model 23 Stepping 10, GenuineIntel



---------------  S Y S T E M  ---------------

OS: Windows 8 , 64 bit Build 9200 

CPU:total 4 (4 cores per cpu, 1 threads per core) family 6 model 23 stepping 10, cmov, cx8, fxsr, mmx, sse, sse2, sse3, ssse3, sse4.1, tsc

Memory: 4k page, physical 8386848k(6403408k free), swap 16775716k(13696064k free)

vm_info: Java HotSpot(TM) 64-Bit Server VM (24.51-b03) for windows-amd64 JRE (1.7.0_51-b13), built on Dec 18 2013 18:40:56 by "java_re" with unknown MS VC++:1600

time: Fri Jul 18 21:15:13 2014
elapsed time: 5 seconds

